<?xml version="1.0" encoding="UTF-8"?>
<!-- Generated by org.testng.reporters.JUnitXMLReporter -->
<testsuite hostname="wangwenting1117" ignored="0" name="webshop" tests="38" failures="1" timestamp="17 十二月 2019 11:47:06 GMT" time="613.604" errors="0">
  <testcase name="test14" time="34.653" classname="com.edu.test.aWebShop.WebShopTest"/>
  <testcase name="test15" time="6.675" classname="com.edu.test.aWebShop.WebShopTest"/>
  <testcase name="test16" time="7.29" classname="com.edu.test.aWebShop.WebShopTest"/>
  <testcase name="test17" time="11.614" classname="com.edu.test.aWebShop.WebShopTest"/>
  <testcase name="test18" time="19.04" classname="com.edu.test.aWebShop.WebShopTest"/>
  <testcase name="test19" time="3.04" classname="com.edu.test.aWebShop.WebShopTest"/>
  <testcase name="test20" time="15.186" classname="com.edu.test.aWebShop.WebShopTest"/>
  <testcase name="test24" time="16.562" classname="com.edu.test.aWebShop.WebShopTest"/>
  <testcase name="test30" time="17.635" classname="com.edu.test.aWebShop.WebShopTest">
    <failure type="java.lang.AssertionError" message="expected [true] but found [false]">
      <![CDATA[java.lang.AssertionError: expected [true] but found [false]
at com.edu.test.aWebShop.WebShopTest.test30(WebShopTest.java:171)
... Removed 29 stack frames]]>
    </failure>
  </testcase> <!-- test30 -->
  <testcase name="test34" time="19.546" classname="com.edu.test.aWebShop.WebShopTest"/>
  <testcase name="test35" time="10.741" classname="com.edu.test.aWebShop.WebShopTest"/>
  <testcase name="test36" time="10.34" classname="com.edu.test.aWebShop.WebShopTest"/>
  <testcase name="test37" time="6.562" classname="com.edu.test.aWebShop.WebShopTest"/>
  <testcase name="test38" time="9.795" classname="com.edu.test.aWebShop.WebShopTest"/>
  <testcase name="test39" time="9.84" classname="com.edu.test.aWebShop.WebShopTest"/>
  <testcase name="test40" time="13.81" classname="com.edu.test.aWebShop.WebShopTest"/>
  <testcase name="test43" time="10.039" classname="com.edu.test.aWebShop.WebShopTest"/>
  <testcase name="test44" time="9.834" classname="com.edu.test.aWebShop.WebShopTest"/>
  <testcase name="test45" time="9.87" classname="com.edu.test.aWebShop.WebShopTest"/>
  <testcase name="test46" time="10.094" classname="com.edu.test.aWebShop.WebShopTest"/>
  <testcase name="test47" time="9.956" classname="com.edu.test.aWebShop.WebShopTest"/>
  <testcase name="test48" time="9.821" classname="com.edu.test.aWebShop.WebShopTest"/>
  <testcase name="test49" time="9.817" classname="com.edu.test.aWebShop.WebShopTest"/>
  <testcase name="test50" time="12.839" classname="com.edu.test.aWebShop.WebShopTest"/>
  <testcase name="test17" time="23.403" classname="com.edu.test.aWebShop.PurchaseTest"/>
  <testcase name="test21" time="15.443" classname="com.edu.test.aWebShop.PurchaseTest"/>
  <testcase name="test22" time="13.939" classname="com.edu.test.aWebShop.PurchaseTest"/>
  <testcase name="test23" time="12.905" classname="com.edu.test.aWebShop.PurchaseTest"/>
  <testcase name="test25" time="42.553" classname="com.edu.test.aWebShop.PurchaseTest"/>
  <testcase name="test26" time="20.369" classname="com.edu.test.aWebShop.PurchaseTest"/>
  <testcase name="test27" time="17.794" classname="com.edu.test.aWebShop.PurchaseTest"/>
  <testcase name="test28" time="30.157" classname="com.edu.test.aWebShop.PurchaseTest"/>
  <testcase name="test29" time="36.491" classname="com.edu.test.aWebShop.PurchaseTest"/>
  <testcase name="test31" time="14.624" classname="com.edu.test.aWebShop.PurchaseTest"/>
  <testcase name="test32" time="10.188" classname="com.edu.test.aWebShop.PurchaseTest"/>
  <testcase name="test33" time="16.894" classname="com.edu.test.aWebShop.PurchaseTest"/>
  <testcase name="test41" time="14.46" classname="com.edu.test.aWebShop.PurchaseTest"/>
  <testcase name="test42" time="13.665" classname="com.edu.test.aWebShop.PurchaseTest"/>
</testsuite> <!-- webshop -->
